2023-05-24T13:56:31.751Z error: Error in URL /api/fetch 
2023-05-24T13:56:31.756Z error: Error in function fetchData 
2023-05-24T13:56:31.759Z error: Function parameters: 
2023-05-24T13:56:31.760Z error: Stack trace: 
2023-05-24T14:02:28.895Z error: Error in URL /api/fetch 
2023-05-24T14:02:28.899Z error: Error in function fetchData 
2023-05-24T14:02:28.901Z error: Function parameters: 
2023-05-24T14:02:28.902Z error: Stack trace: 
2023-05-24T14:03:52.001Z error: Error in URL /api/fetch 
2023-05-24T14:03:52.007Z error: Error in function fetchData 
2023-05-24T14:03:52.009Z error: Function parameters: 
2023-05-24T14:03:52.011Z error: Stack trace: 
2023-05-24T14:04:51.745Z error: Error in URL /api/fetch 
2023-05-24T14:04:51.752Z error: Error in function fetchData 
2023-05-24T14:04:51.754Z error: Function parameters: 
2023-05-24T14:04:51.755Z error: Stack trace: 
2023-05-24T14:05:08.411Z error: Error in URL /api/fetch 
2023-05-24T14:05:08.414Z error: Error in getData: Failed to fetch Entries 
2023-05-24T14:05:08.415Z error: Function parameters: 
2023-05-24T14:32:00.072Z error: Error in URL /api/fetch 
2023-05-24T14:32:00.078Z error: Error in function fetchData 
2023-05-24T14:32:00.080Z error: Function parameters: 
2023-05-24T14:32:00.081Z error: Stack trace: 
2023-05-24T14:44:21.403Z error: Error in URL /api/fetch 
2023-05-24T14:44:21.410Z error: Error in function fetchData 
2023-05-24T14:44:21.411Z error: Function parameters: 
2023-05-24T14:44:21.413Z error: Stack trace: 
2023-05-24T14:44:36.219Z error: Error in URL /api/fetch 
2023-05-24T14:44:36.222Z error: Error in function fetchData 
2023-05-24T14:44:36.224Z error: Function parameters: 
2023-05-24T14:44:36.225Z error: Stack trace: 
2023-05-24T14:44:48.640Z error: Error in URL /api/fetch 
2023-05-24T14:44:48.641Z error: Error in function fetchData 
2023-05-24T14:44:48.642Z error: Function parameters: 
2023-05-24T14:44:48.645Z error: Stack trace: 
2023-05-24T14:46:12.737Z error: Error in URL /api/fetch 
2023-05-24T14:46:12.740Z error: Error in function fetchData 
2023-05-24T14:46:12.741Z error: Function parameters: 
2023-05-24T14:46:12.744Z error: Stack trace: 
2023-05-24T14:47:25.915Z error: Error in URL /api/fetch 
2023-05-24T14:47:25.921Z error: Error in function fetchData 
2023-05-24T14:47:25.922Z error: Function parameters: 
2023-05-24T14:47:25.924Z error: Stack trace: 
2023-05-24T14:47:46.653Z error: Error in URL /api/fetch 
2023-05-24T14:47:46.657Z error: Error in function fetchData 
2023-05-24T14:47:46.660Z error: Function parameters: 
2023-05-24T14:47:46.661Z error: Stack trace: 
2023-05-24T14:48:32.369Z error: Error in URL /api/fetch 
2023-05-24T14:48:32.372Z error: Error in function fetchData 
2023-05-24T14:48:32.373Z error: Function parameters: 
2023-05-24T14:48:32.374Z error: Stack trace: 
2023-05-24T14:51:43.148Z error: Error in URL /api/fetch 
2023-05-24T14:51:43.152Z error: Error in function fetchData 
2023-05-24T14:51:43.155Z error: Function parameters: 
2023-05-24T14:51:43.156Z error: Error Message util.asyncGetData is not a function 
2023-05-24T14:51:43.157Z error: Stack trace: 
2023-05-24T14:53:46.240Z error: Error in URL /api/fetch 
2023-05-24T14:53:46.243Z error: Error in function fetchData 
2023-05-24T14:53:46.244Z error: Function parameters: 
2023-05-24T14:53:46.246Z error: Error Message util.asyncGetData is not a function 
2023-05-24T14:53:46.247Z error: Stack trace: 
2023-05-24T14:55:09.697Z error: Error in URL /api/fetch 
2023-05-24T14:55:09.699Z error: Error in function fetchData 
2023-05-24T14:55:09.699Z error: Function parameters: 
2023-05-24T14:55:09.700Z error: Error Message asyncGetData is not a function 
2023-05-24T14:55:09.701Z error: Stack trace: 
2023-05-24T14:58:43.679Z error: Error in URL /api/fetch 
2023-05-24T14:58:43.683Z error: Error in function fetchData 
2023-05-24T14:58:43.685Z error: Function parameters: 
2023-05-24T14:58:43.686Z error: Error Message asyncGetData is not a function 
2023-05-24T14:58:43.687Z error: Stack trace: 
2023-05-24T14:59:05.724Z error: Error in URL /api/fetch 
2023-05-24T14:59:05.729Z error: Error in function fetchData 
2023-05-24T14:59:05.730Z error: Function parameters: 
2023-05-24T14:59:05.732Z error: Error Message asyncGetData.asyncGetData is not a function 
2023-05-24T14:59:05.733Z error: Stack trace: 
2023-05-24T15:06:28.510Z error: Error in URL /api/fetch 
2023-05-24T15:06:28.513Z error: Error in function fetchData 
2023-05-24T15:06:28.515Z error: Function parameters: 
2023-05-24T15:06:28.516Z error: Error Message util is not defined 
2023-05-24T15:06:28.517Z error: Stack trace: 
2023-05-24T15:06:46.272Z error: Error in URL /api/fetch 
2023-05-24T15:06:46.276Z error: Error in function fetchData 
2023-05-24T15:06:46.277Z error: Function parameters: 
2023-05-24T15:06:46.278Z error: Error Message asyncWrapper is not a function 
2023-05-24T15:06:46.279Z error: Stack trace: 
2023-05-24T15:07:39.249Z error: Error in URL /api/fetch 
2023-05-24T15:07:39.270Z error: Error in function fetchData 
2023-05-24T15:07:39.291Z error: Function parameters: 
2023-05-24T15:07:39.293Z error: Error Message err is not defined 
2023-05-24T15:07:39.297Z error: Stack trace: 
2023-05-24T15:08:34.841Z error: Error in URL /api/fetch 
2023-05-24T15:08:34.846Z error: Error in function fetchData 
2023-05-24T15:08:34.853Z error: Function parameters: 
2023-05-24T15:08:34.857Z error: Error Message fnName is not defined 
2023-05-24T15:08:34.860Z error: Stack trace: 
2023-05-24T15:10:00.644Z error: Error in URL /api/fetch 
2023-05-24T15:10:00.647Z error: Error in getData: Request failed with status code 404 
2023-05-24T15:10:00.649Z error: Function parameters: 
2023-05-24T15:24:33.857Z error: Error in URL /api/fetch 
2023-05-24T15:24:33.862Z error: Error in getData: Request failed with status code 404 
2023-05-24T15:24:33.863Z error: Function parameters: 
2023-05-24T15:24:51.342Z error: Error in URL /api/fetch 
2023-05-24T15:24:51.345Z error: Error in function getData 
2023-05-24T15:24:51.346Z error: Outer Function Name fetchData 
2023-05-24T15:24:51.348Z error: Function parameters: 
2023-05-24T15:24:51.349Z error: Error Message axio is not defined 
2023-05-24T15:24:51.350Z error: Stack trace: 
